2023-10-16 13:17:07,902 - DEBUG - Make request: "getMe" with data: "{}" and files "None"
2023-10-16 13:17:08,113 - DEBUG - Response for getMe: [200] "'{"ok":true,"result":{"id":6110702066,"is_bot":true,"first_name":"\\u0428\\u043a\\u043e\\u043b\\u0430 21 \\u0433\\u043e\\u0432\\u043d\\u043e","username":"school_21_govno_bot","can_join_groups":true,"can_read_all_group_messages":false,"supports_inline_queries":false}}'"
2023-10-16 13:17:08,113 - INFO - Bot: Школа 21 говно [@school_21_govno_bot]
2023-10-16 13:17:08,115 - INFO - Scheduler started
2023-10-16 13:17:08,115 - INFO - Added job "check_notification" to job store "default"
2023-10-16 13:17:08,115 - DEBUG - Looking for jobs to run
2023-10-16 13:17:08,115 - DEBUG - Next wakeup is due at 2023-10-16 13:17:18.115553+03:00 (in 9.999733 seconds)
2023-10-16 13:17:08,115 - DEBUG - Looking for jobs to run
2023-10-16 13:17:08,115 - DEBUG - Next wakeup is due at 2023-10-16 13:17:18.115553+03:00 (in 9.999617 seconds)
2023-10-16 13:17:08,116 - INFO - Start polling.
2023-10-16 13:17:08,116 - DEBUG - Make request: "getWebhookInfo" with data: "{}" and files "None"
2023-10-16 13:17:08,195 - DEBUG - Response for getWebhookInfo: [200] "'{"ok":true,"result":{"url":"","has_custom_certificate":false,"pending_update_count":0}}'"
2023-10-16 13:17:08,195 - DEBUG - Make request: "getUpdates" with data: "{'timeout': 20}" and files "None"
2023-10-16 13:17:09,830 - DEBUG - Response for getUpdates: [200] "'{"ok":true,"result":[{"update_id":816757880,\n"message":{"message_id":2487,"from":{"id":5764894630,"is_bot":false,"first_name":"\\u043d\\u0438\\u043a\\u0430","username":"nkatkrva","language_code":"ru"},"chat":{"id":5764894630,"first_name":"\\u043d\\u0438\\u043a\\u0430","username":"nkatkrva","type":"private"},"date":1697451429,"text":"/start","entities":[{"offset":0,"length":6,"type":"bot_command"}]}}]}'"
2023-10-16 13:17:09,831 - DEBUG - Received 1 updates.
2023-10-16 13:17:09,841 - DEBUG - Starting new HTTP connection (1): 0.0.0.0:3421
2023-10-16 13:17:09,848 - DEBUG - http://0.0.0.0:3421 "POST /api/create_telegram_user HTTP/1.1" 400 85
2023-10-16 13:17:09,849 - DEBUG - Starting new HTTP connection (1): 0.0.0.0:3421
2023-10-16 13:17:09,852 - DEBUG - http://0.0.0.0:3421 "GET /api/get_telegram_user/5764894630 HTTP/1.1" 200 139
2023-10-16 13:17:09,853 - DEBUG - Make request: "sendMessage" with data: "{'chat_id': 5764894630, 'text': 'Добрый день! Это это спецБОТ 🤖 ГК АО ИПК. Благодарим за интерес к боту - если вы сотрудник 🧑\u200d💼 пройдите верификацию!*Верификация доступна только для сотрудников ГК АО ИПК\n\nОжидайте, пока ваш профиль будет подтверждён администрацией', 'reply_markup': '{"remove_keyboard": true}'}" and files "None"
2023-10-16 13:17:09,932 - DEBUG - Make request: "getUpdates" with data: "{'offset': 816757881, 'timeout': 20}" and files "None"
2023-10-16 13:17:10,003 - DEBUG - Response for sendMessage: [200] "'{"ok":true,"result":{"message_id":2488,"from":{"id":6110702066,"is_bot":true,"first_name":"\\u0428\\u043a\\u043e\\u043b\\u0430 21 \\u0433\\u043e\\u0432\\u043d\\u043e","username":"school_21_govno_bot"},"chat":{"id":5764894630,"first_name":"\\u043d\\u0438\\u043a\\u0430","username":"nkatkrva","type":"private"},"date":1697451430,"text":"\\u0414\\u043e\\u0431\\u0440\\u044b\\u0439 \\u0434\\u0435\\u043d\\u044c! \\u042d\\u0442\\u043e \\u044d\\u0442\\u043e \\u0441\\u043f\\u0435\\u0446\\u0411\\u041e\\u0422 \\ud83e\\udd16 \\u0413\\u041a \\u0410\\u041e \\u0418\\u041f\\u041a. \\u0411\\u043b\\u0430\\u0433\\u043e\\u0434\\u0430\\u0440\\u0438\\u043c \\u0437\\u0430 \\u0438\\u043d\\u0442\\u0435\\u0440\\u0435\\u0441 \\u043a \\u0431\\u043e\\u0442\\u0443 - \\u0435\\u0441\\u043b\\u0438 \\u0432\\u044b \\u0441\\u043e\\u0442\\u0440\\u0443\\u0434\\u043d\\u0438\\u043a \\ud83e\\uddd1\\u200d\\ud83d\\udcbc \\u043f\\u0440\\u043e\\u0439\\u0434\\u0438\\u0442\\u0435 \\u0432\\u0435\\u0440\\u0438\\u0444\\u0438\\u043a\\u0430\\u0446\\u0438\\u044e!*\\u0412\\u0435\\u0440\\u0438\\u0444\\u0438\\u043a\\u0430\\u0446\\u0438\\u044f \\u0434\\u043e\\u0441\\u0442\\u0443\\u043f\\u043d\\u0430 \\u0442\\u043e\\u043b\\u044c\\u043a\\u043e \\u0434\\u043b\\u044f \\u0441\\u043e\\u0442\\u0440\\u0443\\u0434\\u043d\\u0438\\u043a\\u043e\\u0432 \\u0413\\u041a \\u0410\\u041e \\u0418\\u041f\\u041a\\n\\n\\u041e\\u0436\\u0438\\u0434\\u0430\\u0439\\u0442\\u0435, \\u043f\\u043e\\u043a\\u0430 \\u0432\\u0430\\u0448 \\u043f\\u0440\\u043e\\u0444\\u0438\\u043b\\u044c \\u0431\\u0443\\u0434\\u0435\\u0442 \\u043f\\u043e\\u0434\\u0442\\u0432\\u0435\\u0440\\u0436\\u0434\\u0451\\u043d \\u0430\\u0434\\u043c\\u0438\\u043d\\u0438\\u0441\\u0442\\u0440\\u0430\\u0446\\u0438\\u0435\\u0439"}}'"
2023-10-16 13:17:18,117 - DEBUG - Looking for jobs to run
2023-10-16 13:17:18,118 - DEBUG - Next wakeup is due at 2023-10-16 13:17:28.115553+03:00 (in 9.996990 seconds)
2023-10-16 13:17:18,119 - INFO - Running job "check_notification (trigger: interval[0:00:10], next run at: 2023-10-16 13:17:28 MSK)" (scheduled at 2023-10-16 13:17:18.115553+03:00)
2023-10-16 13:17:18,129 - DEBUG - Starting new HTTP connection (1): 0.0.0.0:3421
2023-10-16 13:17:18,145 - DEBUG - http://0.0.0.0:3421 "GET /api/get_telegram_users?is_notificated=False&is_active=True HTTP/1.1" 200 2
2023-10-16 13:17:18,145 - INFO - Job "check_notification (trigger: interval[0:00:10], next run at: 2023-10-16 13:17:28 MSK)" executed successfully
2023-10-16 13:17:18,417 - DEBUG - Response for getUpdates: [200] "'{"ok":true,"result":[{"update_id":816757881,\n"message":{"message_id":2489,"from":{"id":5764894630,"is_bot":false,"first_name":"\\u043d\\u0438\\u043a\\u0430","username":"nkatkrva","language_code":"ru"},"chat":{"id":5764894630,"first_name":"\\u043d\\u0438\\u043a\\u0430","username":"nkatkrva","type":"private"},"date":1697451438,"text":"/result","entities":[{"offset":0,"length":7,"type":"bot_command"}]}}]}'"
2023-10-16 13:17:18,418 - DEBUG - Received 1 updates.
2023-10-16 13:17:18,520 - DEBUG - Make request: "getUpdates" with data: "{'offset': 816757882, 'timeout': 20}" and files "None"
2023-10-16 13:17:21,554 - INFO - Stop polling...
2023-10-16 13:17:21,555 - WARNING - Goodbye!
